[main] ERROR pushpaFileCheck.GetProps  - Sucess.All folders are available.
[main] ERROR pushpaFileCheck.GetProps  - Sucess.All folders are available.
[main] ERROR pushpaFileCheck.GetProps  - Sucess.All folders are available.
[main] ERROR pushpaFileCheck.GetProps  - Sucess.All folders are available.
[main] ERROR pushpaFileCheck.GetProps  - The entry PRJ_BSWTOOLSET_NAME1is not found in the ini file.
[main] ERROR pushpaFileCheck.GetProps  - Sucess.All folders are available.
[main] ERROR pushpaFileCheck.GetProps  - The entry PRJ_BSWTOOLSET_NAME1 is not found in the ini file.
[main] ERROR pushpaFileCheck.GetProps  - FileNotFoundException occured due to PRJ_BSWTOOLSET_NAME1 is not available.
[main] ERROR pushpaFileCheck.GetProps  - Sucess.All folders are available.
[main] ERROR pushpaFileCheck.GetProps  - Sucess.All folders are available.
[main] ERROR pushpaFileCheck.GetProps  - Sucess.All folders are available.
[main] ERROR pushpaFileCheck.GetProps  - Sucess.All folders are available.
[main] ERROR pushpaFileCheck.GetProps  - Sucess.All folders are available.
[main] ERROR pushpaFileCheck.GetProps  - The folder C:\Project\workbench doesnot exists. 
[main] ERROR pushpaFileCheck.GetProps  - FileNotFoundException occured due to C:\Project\workbench is not available.
[main] ERROR pushpaFileCheck.GetProps  - The folder C:\Project\workbench doesnot exists. 
[main] ERROR pushpaFileCheck.GetProps  - FileNotFoundException occured due to C:\Project\workbench is not available.
[main] ERROR pushpaFileCheck.GetProps  - The folder C:\Project\workbench doesnot exists. 
[main] ERROR pushpaFileCheck.GetProps  - FileNotFoundException occured due to C:\Project\workbench is not available.
[main] ERROR pushpaFileCheck.GetProps  - The folder C:\Project\workbench doesnot exists. 
[main] ERROR pushpaFileCheck.GetProps  - FileNotFoundException occured due to C:\Project\workbench is not available.
