[main] INFO  xmlPushpa.XmlRemove  - Entering main method
[main] INFO  xmlPushpa.XmlRemove  - xml parsing completed.
[main] INFO  xmlPushpa.XmlRemove  - Entering deleteElement .
[main] INFO  xmlPushpa.XmlRemove  - SHORT_NAME with DSM found. Deleting the CONF_ITEM.
[main] INFO  xmlPushpa.XmlRemove  - Entering deleteElement .
[main] INFO  xmlPushpa.XmlRemove  - Exiting deleteElement .
[main] INFO  xmlPushpa.XmlRemove  - deleting the CONF_ITEM completed.
[main] INFO  xmlPushpa.XmlRemove  - Removed the blank/empty lines in the output xml.
[main] INFO  xmlPushpa.XmlRemove  - writing to output xml file success.
[main] INFO  xmlPushpa.XmlRemove  - Exit main method
[main] INFO  xmlPushpa.XmlRemove  - Entering main method
[main] INFO  xmlPushpa.XmlRemove  - xml parsing completed.
[main] INFO  xmlPushpa.XmlRemove  - Entering deleteElement .
[main] INFO  xmlPushpa.XmlRemove  - SHORT_NAME with DSM found. Deleting the CONF_ITEM.
[main] INFO  xmlPushpa.XmlRemove  - Entering deleteElement .
[main] INFO  xmlPushpa.XmlRemove  - Exiting deleteElement .
[main] INFO  xmlPushpa.XmlRemove  - deleting the CONF_ITEM completed.
[main] INFO  xmlPushpa.XmlRemove  - Removed the blank/empty lines in the output xml.
[main] INFO  xmlPushpa.XmlRemove  - writing to output xml file success.
[main] INFO  xmlPushpa.XmlRemove  - Exit main method
